e:\zju\2021春夏\计算机图形学\大作业\cg_project-latest\cg_project\cg_project\x64\debug\vc141.pdb
e:\zju\2021春夏\计算机图形学\大作业\cg_project-latest\cg_project\cg_project\x64\debug\vc141.idb
e:\zju\2021春夏\计算机图形学\大作业\cg_project-latest\cg_project\cg_project\x64\debug\main.obj
e:\zju\2021春夏\计算机图形学\大作业\cg_project-latest\cg_project\cg_project\x64\debug\stb_image.obj
e:\zju\2021春夏\计算机图形学\大作业\cg_project-latest\cg_project\cg_project\x64\debug\imgui_widgets.obj
e:\zju\2021春夏\计算机图形学\大作业\cg_project-latest\cg_project\cg_project\x64\debug\imgui_tables.obj
e:\zju\2021春夏\计算机图形学\大作业\cg_project-latest\cg_project\cg_project\x64\debug\imgui_impl_opengl3.obj
e:\zju\2021春夏\计算机图形学\大作业\cg_project-latest\cg_project\cg_project\x64\debug\imgui_impl_glfw.obj
e:\zju\2021春夏\计算机图形学\大作业\cg_project-latest\cg_project\cg_project\x64\debug\imgui_draw.obj
e:\zju\2021春夏\计算机图形学\大作业\cg_project-latest\cg_project\cg_project\x64\debug\imgui_demo.obj
e:\zju\2021春夏\计算机图形学\大作业\cg_project-latest\cg_project\cg_project\x64\debug\imgui.obj
e:\zju\2021春夏\计算机图形学\大作业\cg_project-latest\cg_project\cg_project\x64\debug\texture.obj
e:\zju\2021春夏\计算机图形学\大作业\cg_project-latest\cg_project\cg_project\x64\debug\skybox.obj
e:\zju\2021春夏\计算机图形学\大作业\cg_project-latest\cg_project\cg_project\x64\debug\skeleton_model.obj
e:\zju\2021春夏\计算机图形学\大作业\cg_project-latest\cg_project\cg_project\x64\debug\shader.obj
e:\zju\2021春夏\计算机图形学\大作业\cg_project-latest\cg_project\cg_project\x64\debug\object3d.obj
e:\zju\2021春夏\计算机图形学\大作业\cg_project-latest\cg_project\cg_project\x64\debug\model.obj
e:\zju\2021春夏\计算机图形学\大作业\cg_project-latest\cg_project\cg_project\x64\debug\mesh.obj
e:\zju\2021春夏\计算机图形学\大作业\cg_project-latest\cg_project\cg_project\x64\debug\light.obj
e:\zju\2021春夏\计算机图形学\大作业\cg_project-latest\cg_project\cg_project\x64\debug\importexport.obj
e:\zju\2021春夏\计算机图形学\大作业\cg_project-latest\cg_project\cg_project\x64\debug\camera.obj
e:\zju\2021春夏\计算机图形学\大作业\cg_project-latest\cg_project\cg_project\x64\debug\application.obj
e:\zju\2021春夏\计算机图形学\大作业\cg_project-latest\cg_project\cg_project\x64\debug\window.obj
e:\zju\2021春夏\计算机图形学\大作业\cg_project-latest\cg_project\cg_project\x64\debug\user_interface.obj
e:\zju\2021春夏\计算机图形学\大作业\cg_project-latest\cg_project\cg_project\x64\debug\my_obj_loader.obj
e:\zju\2021春夏\计算机图形学\大作业\cg_project-latest\cg_project\cg_project\x64\debug\house_scene.obj
e:\zju\2021春夏\计算机图形学\大作业\cg_project-latest\cg_project\cg_project\x64\debug\basic_object.obj
e:\zju\2021春夏\计算机图形学\大作业\cg_project-latest\cg_project\cg_project\x64\debug\tiny_obj_loader.obj
e:\zju\2021春夏\计算机图形学\大作业\cg_project-latest\cg_project\cg_project\x64\debug\geometry.obj
e:\zju\2021春夏\计算机图形学\大作业\cg_project-latest\cg_project\cg_project\x64\debug\glad.obj
e:\zju\2021春夏\计算机图形学\大作业\cg_project-latest\cg_project\x64\debug\cg_project.exe
e:\zju\2021春夏\计算机图形学\大作业\cg_project-latest\cg_project\x64\debug\cg_project.ilk
e:\zju\2021春夏\计算机图形学\大作业\cg_project-latest\cg_project\x64\debug\cg_project.pdb
e:\zju\2021春夏\计算机图形学\大作业\cg_project-latest\cg_project\cg_project\x64\debug\cg_project.res
e:\zju\2021春夏\计算机图形学\大作业\cg_project-latest\cg_project\cg_project\x64\debug\cg_project.tlog\cl.command.1.tlog
e:\zju\2021春夏\计算机图形学\大作业\cg_project-latest\cg_project\cg_project\x64\debug\cg_project.tlog\cl.read.1.tlog
e:\zju\2021春夏\计算机图形学\大作业\cg_project-latest\cg_project\cg_project\x64\debug\cg_project.tlog\cl.write.1.tlog
e:\zju\2021春夏\计算机图形学\大作业\cg_project-latest\cg_project\cg_project\x64\debug\cg_project.tlog\link.command.1.tlog
e:\zju\2021春夏\计算机图形学\大作业\cg_project-latest\cg_project\cg_project\x64\debug\cg_project.tlog\link.read.1.tlog
e:\zju\2021春夏\计算机图形学\大作业\cg_project-latest\cg_project\cg_project\x64\debug\cg_project.tlog\link.write.1.tlog
e:\zju\2021春夏\计算机图形学\大作业\cg_project-latest\cg_project\cg_project\x64\debug\cg_project.tlog\rc.command.1.tlog
e:\zju\2021春夏\计算机图形学\大作业\cg_project-latest\cg_project\cg_project\x64\debug\cg_project.tlog\rc.read.1.tlog
e:\zju\2021春夏\计算机图形学\大作业\cg_project-latest\cg_project\cg_project\x64\debug\cg_project.tlog\rc.write.1.tlog
